
MCU HK32L0x 设备初始安装完成，系统启动中...
-----------------------------------------------------------------------------
               _____                                 
 ______ _________  /_______ ________ ____  __________
 _  __ \_  ___/_  __/_  __ \___  __ \_  / / /__  ___/
 / /_/ // /__  / /_  / /_/ /__  /_/ // /_/ / _(__  ) 
 \____/ \___/  \__/  \____/ _  .___/ \__,_/  /____/  
                            /_/                       
 Embedded Real-Time Task Scheduler + FSM Engine
 Firmware  : v1.0.0
 Compiled  : May 28 2025 13:40:44
 Author    : Octopus Dev Team
-----------------------------------------------------------------------------
[DEBUG][ TaskManagerStateMachineInit] OTMS task_id :00 initializing...
[DEBUG][ TaskManagerStateMachineInit] OTMS datetime:May 28 2025 13:40:44
[DEBUG][ TaskManagerStateMachineInit] OTMS version :v1.0.5 app version:v1.0.5
[DEBUG][                   gpio_init] gpio init
[DEBUG][               hal_gpio_init] hal gpio init
[DEBUG][              hal_flash_init] hal flash init
[DEBUG][               hal_uart_init] hal init for protocol
[DEBUG][            ptl_init_running] ptl_init_running
[DEBUG][          ptl_2_init_running] ptl_init_running
[DEBUG][    task_system_init_running] task_system_init_running
[DEBUG][      task_gpio_init_running] task_gpio_init_running
[DEBUG][   task_carinfo_init_running] task_carinfo_init_running
[DEBUG][       task_key_init_running] task_key_init_running
[DEBUG][ task_bfang_ptl_init_running] task_bafang_ptl_init_running
[DEBUG][       task_ipc_init_running] task_ipc_init_running
[DEBUG][           ptl_start_running] ptl_start_running
[DEBUG][         ptl_2_start_running] ptl_start_running
[DEBUG][   task_system_start_running] task_system_start_running
[DEBUG][     task_gpio_start_running] task_gpio_start_running
[DEBUG][  task_carinfo_start_running] task_carinfo_start_running
[DEBUG][      task_key_start_running] task_key_start_running
[DEBUG][task_bfang_ptl_start_running] task_bafang_ptl_start_running
[DEBUG][       ptl_2_register_module] ptl_2_register_module 0
[DEBUG][      task_ipc_start_running] task_ipc_start_running
[DEBUG][   system_handshake_with_app] system send handshake data to xxx
[DEBUG][ print_all_registered_module] registered l_t_module_info[0]=00 
[DEBUG][ print_all_registered_module] registered l_t_module_info[1]=03 
[DEBUG][ print_all_registered_module] registered l_t_module_info[2]=05 
[DEBUG][ print_all_registered_module] registered l_t_module_info[3]=07 
-----------------------------------------------------------------------------
[DEBUG][  flash_load_user_data_infor] Bootloader Address   : 0x08000000
[DEBUG][  flash_load_user_data_infor] Slot A Address       : 0x08000000
[DEBUG][  flash_load_user_data_infor] Slot B Address       : 0x08010000
[DEBUG][  flash_load_user_data_infor] Slot A/B Size        : 0x00010000
[DEBUG][  flash_load_user_data_infor] CRC (Slot A)         : 0x00000000
[DEBUG][  flash_load_user_data_infor] CRC (Slot B)         : 0xFFFFFFFF
[DEBUG][  flash_load_user_data_infor] App State Flags      : 0xFFFFFFFF
[DEBUG][  flash_load_user_data_infor] Meter Data Flags     : 0xFFFFFFFF
[DEBUG][  flash_load_user_data_infor] Config Data Flags    : 0xFFFFFFFF
[DEBUG][  flash_load_user_data_infor] Active Slot          : 0
[DEBUG][  flash_load_user_data_infor] Last Boot OK         : 0
[DEBUG][  flash_load_user_data_infor] Boot Mode            : 0x02
[DEBUG][  flash_load_user_data_infor] user data address    : 0x00000080
[DEBUG][           task_gpio_running] power_pin_status=0
[DEBUG][           task_gpio_running] power_pin_status=1
[DEBUG][         system_send_handler] system handshake frame_type=00 param1=00 param2=00
[DEBUG][                ptl_1_hal_tx] data[08] 55 00 00 02 a9 00 00 57 
[DEBUG][                ptl_1_hal_tx] data[19] 55 03 11 0d 8a 00 00 00 00 00 00 00 01 00 00 00 00 00 75 
[DEBUG][                ptl_1_hal_tx] data[24] 55 03 14 12 82 00 00 00 00 00 00 00 00 00 00 00 00 00 00 00 00 00 00 7e 
[DEBUG][        ptl_proc_valid_frame] payload.frame_type=80 cmd=00,length=2 data[]=aa 80 00 02 d4 00 00 2c 
[DEBUG][      system_receive_handler] system handshake from soc payload->frame_type=80
[DEBUG][                ptl_1_hal_tx] data[19] 55 03 11 0d 8a 00 00 00 00 00 00 00 01 00 00 00 00 00 75 
[DEBUG][                ptl_1_hal_tx] data[20] 55 03 13 0e 87 00 00 00 00 00 00 00 00 00 00 00 00 00 00 79 
[DEBUG][                ptl_1_hal_tx] data[26] 55 03 12 14 82 00 00 00 00 00 00 00 00 00 00 00 00 00 00 00 00 00 00 00 06 78 
[DEBUG][                ptl_1_hal_tx] data[20] 55 03 13 0e 87 00 00 00 00 00 00 64 00 00 00 00 00 00 00 15 
[DEBUG][                ptl_1_hal_tx] data[19] 55 03 11 0d 8a 00 00 00 00 00 00 00 01 00 00 00 00 00 75 
[DEBUG][                ptl_1_hal_tx] data[24] 55 03 14 12 82 00 00 00 00 00 00 00 00 00 00 00 00 00 00 00 00 00 00 7e 
[DEBUG][                ptl_1_hal_tx] data[20] 55 03 13 0e 87 00 00 00 00 00 00 64 00 00 00 00 00 00 00 15 
[DEBUG][                ptl_1_hal_tx] data[26] 55 03 12 14 82 00 00 00 00 00 00 00 00 00 00 00 00 00 00 00 00 00 00 00 06 78 
[DEBUG][                ptl_1_hal_tx] data[20] 55 03 13 0e 87 00 00 00 00 00 00 64 00 00 00 00 00 00 00 15 
[DEBUG][                ptl_1_hal_tx] data[19] 55 03 11 0d 8a 00 00 00 00 00 00 00 01 00 00 00 00 00 75 
[DEBUG][                ptl_1_hal_tx] data[24] 55 03 14 12 82 00 00 00 00 00 00 00 00 00 00 00 00 00 00 00 00 00 00 7e 
[DEBUG][                ptl_1_hal_tx] data[20] 55 03 13 0e 87 00 00 00 00 00 00 64 00 00 00 00 00 00 00 15 
[DEBUG][                ptl_1_hal_tx] data[26] 55 03 12 14 82 00 00 00 00 00 00 00 00 00 00 00 00 00 00 00 00 00 00 00 06 78 
[DEBUG][                ptl_1_hal_tx] data[20] 55 03 13 0e 87 00 00 00 00 00 00 64 00 00 00 00 00 00 00 15 
[DEBUG][                ptl_1_hal_tx] data[19] 55 03 11 0d 8a 00 00 00 00 00 00 00 01 00 00 00 00 00 75 
[DEBUG][                ptl_1_hal_tx] data[24] 55 03 14 12 82 00 00 00 00 00 00 00 00 00 00 00 00 00 00 00 00 00 00 7e 
[DEBUG][                ptl_1_hal_tx] data[20] 55 03 13 0e 87 00 00 00 00 00 00 64 00 00 00 00 00 00 00 15 
[DEBUG][                ptl_1_hal_tx] data[26] 55 03 12 14 82 00 00 00 00 00 00 00 00 00 00 00 00 00 00 00 00 00 00 00 06 78 
[DEBUG][        ptl_proc_valid_frame] payload.frame_type=80 cmd=6a,length=2 data[]=aa 80 6a 02 6a 6a 03 29 
[DEBUG][      system_receive_handler] system got MSG_OTSM_CMD_BLE_CONNECTED prameter=6a
[DEBUG][     system_gpio_power_onoff] power on f133 soc
[DEBUG][     system_gpio_power_onoff] power on f133 soc succesfully
[DEBUG][                ptl_1_hal_tx] data[08] 55 00 03 02 a6 00 00 5a 
[DEBUG][                ptl_1_hal_tx] data[20] 55 03 13 0e 87 00 00 00 00 00 00 64 00 00 00 00 00 00 00 15 
[DEBUG][                ptl_1_hal_tx] data[20] 55 03 13 0e 87 00 00 00 00 00 00 64 00 00 00 00 00 00 00 15 
[DEBUG][                ptl_1_hal_tx] data[19] 55 03 11 0d 8a 00 00 00 00 00 00 00 01 00 00 00 00 00 75 
[DEBUG][                ptl_1_hal_tx] data[24] 55 03 14 12 82 00 00 00 00 00 00 00 00 00 00 00 00 00 00 00 00 00 00 7e 
[DEBUG][                ptl_1_hal_tx] data[20] 55 03 13 0e 87 00 00 00 00 00 00 64 00 00 00 00 00 00 00 15 
[DEBUG][                ptl_1_hal_tx] data[26] 55 03 12 14 82 00 00 00 00 00 00 00 00 00 00 00 00 00 00 00 00 00 00 00 06 78 
[DEBUG][                ptl_1_hal_tx] data[20] 55 03 13 0e 87 00 00 00 00 00 00 64 00 00 00 00 00 00 00 15 
[DEBUG][                ptl_1_hal_tx] data[19] 55 03 11 0d 8a 00 00 00 00 00 00 00 01 00 00 00 00 00 75 
[DEBUG][                ptl_1_hal_tx] data[24] 55 03 14 12 82 00 00 00 00 00 00 00 00 00 00 00 00 00 00 00 00 00 00 7e 
[DEBUG][                ptl_1_hal_tx] data[20] 55 03 13 0e 87 00 00 00 00 00 00 64 00 00 00 00 00 00 00 15 
[DEBUG][                ptl_1_hal_tx] data[26] 55 03 12 14 82 00 00 00 00 00 00 00 00 00 00 00 00 00 00 00 00 00 00 00 06 78 
[DEBUG][                ptl_1_hal_tx] data[20] 55 03 13 0e 87 00 00 00 00 00 00 64 00 00 00 00 00 00 00 15 
[DEBUG][                ptl_1_hal_tx] data[19] 55 03 11 0d 8a 00 00 00 00 00 00 00 01 00 00 00 00 00 75 
[DEBUG][                ptl_1_hal_tx] data[24] 55 03 14 12 82 00 00 00 00 00 00 00 00 00 00 00 00 00 00 00 00 00 00 7e 
[DEBUG][                ptl_1_hal_tx] data[20] 55 03 13 0e 87 00 00 00 00 00 00 64 00 00 00 00 00 00 00 15 
[DEBUG][                ptl_1_hal_tx] data[26] 55 03 12 14 82 00 00 00 00 00 00 00 00 00 00 00 00 00 00 00 00 00 00 00 06 78 
[DEBUG][                ptl_1_hal_tx] data[20] 55 03 13 0e 87 00 00 00 00 00 00 64 00 00 00 00 00 00 00 15 
[DEBUG][                ptl_1_hal_tx] data[19] 55 03 11 0d 8a 00 00 00 00 00 00 00 01 00 00 00 00 00 75 
[DEBUG][                ptl_1_hal_tx] data[24] 55 03 14 12 82 00 00 00 00 00 00 00 00 00 00 00 00 00 00 00 00 00 00 7e 
[DEBUG][                ptl_1_hal_tx] data[20] 55 03 13 0e 87 00 00 00 00 00 00 64 00 00 00 00 00 00 00 15 
[DEBUG][                ptl_1_hal_tx] data[26] 55 03 12 14 82 00 00 00 00 00 00 00 00 00 00 00 00 00 00 00 00 00 00 00 06 78 
[DEBUG][                ptl_1_hal_tx] data[20] 55 03 13 0e 87 00 00 00 00 00 00 64 00 00 00 00 00 00 00 15 
[DEBUG][                ptl_1_hal_tx] data[20] 55 03 13 0e 87 00 00 00 00 00 00 64 00 00 00 00 00 00 00 15 
[DEBUG][                ptl_1_hal_tx] data[19] 55 03 11 0d 8a 00 00 00 00 00 00 00 01 00 00 00 00 00 75 
[DEBUG][                ptl_1_hal_tx] data[24] 55 03 14 12 82 00 00 00 00 00 00 00 00 00 00 00 00 00 00 00 00 00 00 7e 
[DEBUG][                ptl_1_hal_tx] data[20] 55 03 13 0e 87 00 00 00 00 00 00 64 00 00 00 00 00 00 00 15 
[DEBUG][                ptl_1_hal_tx] data[26] 55 03 12 14 82 00 00 00 00 00 00 00 00 00 00 00 00 00 00 00 00 00 00 00 06 78 
[DEBUG][                ptl_1_hal_tx] data[20] 55 03 13 0e 87 00 00 00 00 00 00 64 00 00 00 00 00 00 00 15 
[DEBUG][                ptl_1_hal_tx] data[19] 55 03 11 0d 8a 00 00 00 00 00 00 00 01 00 00 00 00 00 75 
[DEBUG][                ptl_1_hal_tx] data[24] 55 03 14 12 82 00 00 00 00 00 00 00 00 00 00 00 00 00 00 00 00 00 00 7e 
[DEBUG][                ptl_1_hal_tx] data[20] 55 03 13 0e 87 00 00 00 00 00 00 64 00 00 00 00 00 00 00 15 
[DEBUG][                ptl_1_hal_tx] data[26] 55 03 12 14 82 00 00 00 00 00 00 00 00 00 00 00 00 00 00 00 00 00 00 00 06 78 
[DEBUG][                ptl_1_hal_tx] data[20] 55 03 13 0e 87 00 00 00 00 00 00 64 00 00 00 00 00 00 00 15 
[DEBUG][                ptl_1_hal_tx] data[19] 55 03 11 0d 8a 00 00 00 00 00 00 00 01 00 00 00 00 00 75 
[DEBUG][                ptl_1_hal_tx] data[24] 55 03 14 12 82 00 00 00 00 00 00 00 00 00 00 00 00 00 00 00 00 00 00 7e 
[DEBUG][                ptl_1_hal_tx] data[20] 55 03 13 0e 87 00 00 00 00 00 00 64 00 00 00 00 00 00 00 15 
[DEBUG][                ptl_1_hal_tx] data[26] 55 03 12 14 82 00 00 00 00 00 00 00 00 00 00 00 00 00 00 00 00 00 00 00 06 78 
[DEBUG][                ptl_1_hal_tx] data[20] 55 03 13 0e 87 00 00 00 00 00 00 64 00 00 00 00 00 00 00 15 
[DEBUG][                ptl_1_hal_tx] data[19] 55 03 11 0d 8a 00 00 00 00 00 00 00 01 00 00 00 00 00 75 
[DEBUG][                ptl_1_hal_tx] data[24] 55 03 14 12 82 00 00 00 00 00 00 00 00 00 00 00 00 00 00 00 00 00 00 7e 
[DEBUG][                ptl_1_hal_tx] data[20] 55 03 13 0e 87 00 00 00 00 00 00 64 00 00 00 00 00 00 00 15 
[DEBUG][                ptl_1_hal_tx] data[26] 55 03 12 14 82 00 00 00 00 00 00 00 00 00 00 00 00 00 00 00 00 00 00 00 06 78 
[DEBUG][                ptl_1_hal_tx] data[20] 55 03 13 0e 87 00 00 00 00 00 00 64 00 00 00 00 00 00 00 15 
[DEBUG][                ptl_1_hal_tx] data[20] 55 03 13 0e 87 00 00 00 00 00 00 64 00 00 00 00 00 00 00 15 
[DEBUG][                ptl_1_hal_tx] data[19] 55 03 11 0d 8a 00 00 00 00 00 00 00 01 00 00 00 00 00 75 
[DEBUG][                ptl_1_hal_tx] data[24] 55 03 14 12 82 00 00 00 00 00 00 00 00 00 00 00 00 00 00 00 00 00 00 7e 
[DEBUG][                ptl_1_hal_tx] data[20] 55 03 13 0e 87 00 00 00 00 00 00 64 00 00 00 00 00 00 00 15 
[DEBUG][                ptl_1_hal_tx] data[26] 55 03 12 14 82 00 00 00 00 00 00 00 00 00 00 00 00 00 00 00 00 00 00 00 06 78 
[DEBUG][                ptl_1_hal_tx] data[20] 55 03 13 0e 87 00 00 00 00 00 00 64 00 00 00 00 00 00 00 15 
[DEBUG][                ptl_1_hal_tx] data[19] 55 03 11 0d 8a 00 00 00 00 00 00 00 01 00 00 00 00 00 75 
[DEBUG][                ptl_1_hal_tx] data[24] 55 03 14 12 82 00 00 00 00 00 00 00 00 00 00 00 00 00 00 00 00 00 00 7e 
[DEBUG][                ptl_1_hal_tx] data[20] 55 03 13 0e 87 00 00 00 00 00 00 64 00 00 00 00 00 00 00 15 
[DEBUG][                ptl_1_hal_tx] data[26] 55 03 12 14 82 00 00 00 00 00 00 00 00 00 00 00 00 00 00 00 00 00 00 00 06 78 
[DEBUG][                ptl_1_hal_tx] data[20] 55 03 13 0e 87 00 00 00 00 00 00 64 00 00 00 00 00 00 00 15 
[DEBUG][                ptl_1_hal_tx] data[19] 55 03 11 0d 8a 00 00 00 00 00 00 00 01 00 00 00 00 00 75 
[DEBUG][                ptl_1_hal_tx] data[24] 55 03 14 12 82 00 00 00 00 00 00 00 00 00 00 00 00 00 00 00 00 00 00 7e 
[DEBUG][                ptl_1_hal_tx] data[20] 55 03 13 0e 87 00 00 00 00 00 00 64 00 00 00 00 00 00 00 15 
[DEBUG][                ptl_1_hal_tx] data[26] 55 03 12 14 82 00 00 00 00 00 00 00 00 00 00 00 00 00 00 00 00 00 00 00 06 78 
[DEBUG][                ptl_1_hal_tx] data[20] 55 03 13 0e 87 00 00 00 00 00 00 64 00 00 00 00 00 00 00 15 
[DEBUG][                ptl_1_hal_tx] data[19] 55 03 11 0d 8a 00 00 00 00 00 00 00 01 00 00 00 00 00 75 
[DEBUG][                ptl_1_hal_tx] data[24] 55 03 14 12 82 00 00 00 00 00 00 00 00 00 00 00 00 00 00 00 00 00 00 7e 
[DEBUG][                ptl_1_hal_tx] data[20] 55 03 13 0e 87 00 00 00 00 00 00 64 00 00 00 00 00 00 00 15 
[DEBUG][                ptl_1_hal_tx] data[26] 55 03 12 14 82 00 00 00 00 00 00 00 00 00 00 00 00 00 00 00 00 00 00 00 06 78 
[DEBUG][                ptl_1_hal_tx] data[20] 55 03 13 0e 87 00 00 00 00 00 00 64 00 00 00 00 00 00 00 15 
[DEBUG][                ptl_1_hal_tx] data[20] 55 03 13 0e 87 00 00 00 00 00 00 64 00 00 00 00 00 00 00 15 
[DEBUG][                ptl_1_hal_tx] data[19] 55 03 11 0d 8a 00 00 00 00 00 00 00 01 00 00 00 00 00 75 
[DEBUG][                ptl_1_hal_tx] data[24] 55 03 14 12 82 00 00 00 00 00 00 00 00 00 00 00 00 00 00 00 00 00 00 7e 
[DEBUG][                ptl_1_hal_tx] data[20] 55 03 13 0e 87 00 00 00 00 00 00 64 00 00 00 00 00 00 00 15 
[DEBUG][                ptl_1_hal_tx] data[26] 55 03 12 14 82 00 00 00 00 00 00 00 00 00 00 00 00 00 00 00 00 00 00 00 06 78 
[DEBUG][                ptl_1_hal_tx] data[20] 55 03 13 0e 87 00 00 00 00 00 00 64 00 00 00 00 00 00 00 15 
[DEBUG][                ptl_1_hal_tx] data[19] 55 03 11 0d 8a 00 00 00 00 00 00 00 01 00 00 00 00 00 75 
[DEBUG][                ptl_1_hal_tx] data[24] 55 03 14 12 82 00 00 00 00 00 00 00 00 00 00 00 00 00 00 00 00 00 00 7e 
[DEBUG][                ptl_1_hal_tx] data[20] 55 03 13 0e 87 00 00 00 00 00 00 64 00 00 00 00 00 00 00 15 
[DEBUG][                ptl_1_hal_tx] data[26] 55 03 12 14 82 00 00 00 00 00 00 00 00 00 00 00 00 00 00 00 00 00 00 00 06 78 
[DEBUG][                ptl_1_hal_tx] data[20] 55 03 13 0e 87 00 00 00 00 00 00 64 00 00 00 00 00 00 00 15 
[DEBUG][                ptl_1_hal_tx] data[19] 55 03 11 0d 8a 00 00 00 00 00 00 00 01 00 00 00 00 00 75 
[DEBUG][                ptl_1_hal_tx] data[24] 55 03 14 12 82 00 00 00 00 00 00 00 00 00 00 00 00 00 00 00 00 00 00 7e 
[DEBUG][                ptl_1_hal_tx] data[20] 55 03 13 0e 87 00 00 00 00 00 00 64 00 00 00 00 00 00 00 15 
[DEBUG][                ptl_1_hal_tx] data[26] 55 03 12 14 82 00 00 00 00 00 00 00 00 00 00 00 00 00 00 00 00 00 00 00 06 78 
[DEBUG][                ptl_1_hal_tx] data[20] 55 03 13 0e 87 00 00 00 00 00 00 64 00 00 00 00 00 00 00 15 
[DEBUG][                ptl_1_hal_tx] data[19] 55 03 11 0d 8a 00 00 00 00 00 00 00 01 00 00 00 00 00 75 
[DEBUG][                ptl_1_hal_tx] data[24] 55 03 14 12 82 00 00 00 00 00 00 00 00 00 00 00 00 00 00 00 00 00 00 7e 
[DEBUG][                ptl_1_hal_tx] data[20] 55 03 13 0e 87 00 00 00 00 00 00 64 00 00 00 00 00 00 00 15 
[DEBUG][                ptl_1_hal_tx] data[26] 55 03 12 14 82 00 00 00 00 00 00 00 00 00 00 00 00 00 00 00 00 00 00 00 06 78 
[DEBUG][                ptl_1_hal_tx] data[20] 55 03 13 0e 87 00 00 00 00 00 00 64 00 00 00 00 00 00 00 15 
[DEBUG][                ptl_1_hal_tx] data[20] 55 03 13 0e 87 00 00 00 00 00 00 64 00 00 00 00 00 00 00 15 
[DEBUG][                ptl_1_hal_tx] data[19] 55 03 11 0d 8a 00 00 00 00 00 00 00 01 00 00 00 00 00 75 
[DEBUG][                ptl_1_hal_tx] data[24] 55 03 14 12 82 00 00 00 00 00 00 00 00 00 00 00 00 00 00 00 00 00 00 7e 
[DEBUG][                ptl_1_hal_tx] data[20] 55 03 13 0e 87 00 00 00 00 00 00 64 00 00 00 00 00 00 00 15 
[DEBUG][                ptl_1_hal_tx] data[26] 55 03 12 14 82 00 00 00 00 00 00 00 00 00 00 00 00 00 00 00 00 00 00 00 06 78 
[DEBUG][                ptl_1_hal_tx] data[20] 55 03 13 0e 87 00 00 00 00 00 00 64 00 00 00 00 00 00 00 15 
[DEBUG][                ptl_1_hal_tx] data[19] 55 03 11 0d 8a 00 00 00 00 00 00 00 01 00 00 00 00 00 75 
[DEBUG][                ptl_1_hal_tx] data[24] 55 03 14 12 82 00 00 00 00 00 00 00 00 00 00 00 00 00 00 00 00 00 00 7e 
[DEBUG][                ptl_1_hal_tx] data[20] 55 03 13 0e 87 00 00 00 00 00 00 64 00 00 00 00 00 00 00 15 
[DEBUG][                ptl_1_hal_tx] data[26] 55 03 12 14 82 00 00 00 00 00 00 00 00 00 00 00 00 00 00 00 00 00 00 00 06 78 
[DEBUG][                ptl_1_hal_tx] data[20] 55 03 13 0e 87 00 00 00 00 00 00 64 00 00 00 00 00 00 00 15 
[DEBUG][                ptl_1_hal_tx] data[19] 55 03 11 0d 8a 00 00 00 00 00 00 00 01 00 00 00 00 00 75 
[DEBUG][                ptl_1_hal_tx] data[24] 55 03 14 12 82 00 00 00 00 00 00 00 00 00 00 00 00 00 00 00 00 00 00 7e 
[DEBUG][                ptl_1_hal_tx] data[20] 55 03 13 0e 87 00 00 00 00 00 00 64 00 00 00 00 00 00 00 15 
[DEBUG][                ptl_1_hal_tx] data[26] 55 03 12 14 82 00 00 00 00 00 00 00 00 00 00 00 00 00 00 00 00 00 00 00 06 78 
[DEBUG][                ptl_1_hal_tx] data[20] 55 03 13 0e 87 00 00 00 00 00 00 64 00 00 00 00 00 00 00 15 
[DEBUG][                ptl_1_hal_tx] data[19] 55 03 11 0d 8a 00 00 00 00 00 00 00 01 00 00 00 00 00 75 
[DEBUG][                ptl_1_hal_tx] data[24] 55 03 14 12 82 00 00 00 00 00 00 00 00 00 00 00 00 00 00 00 00 00 00 7e 
[DEBUG][                ptl_1_hal_tx] data[20] 55 03 13 0e 87 00 00 00 00 00 00 64 00 00 00 00 00 00 00 15 
[DEBUG][                ptl_1_hal_tx] data[26] 55 03 12 14 82 00 00 00 00 00 00 00 00 00 00 00 00 00 00 00 00 00 00 00 06 78 
[DEBUG][                ptl_1_hal_tx] data[20] 55 03 13 0e 87 00 00 00 00 00 00 64 00 00 00 00 00 00 00 15 
[DEBUG][                ptl_1_hal_tx] data[20] 55 03 13 0e 87 00 00 00 00 00 00 64 00 00 00 00 00 00 00 15 
[DEBUG][                ptl_1_hal_tx] data[19] 55 03 11 0d 8a 00 00 00 00 00 00 00 01 00 00 00 00 00 75 
[DEBUG][                ptl_1_hal_tx] data[24] 55 03 14 12 82 00 00 00 00 00 00 00 00 00 00 00 00 00 00 00 00 00 00 7e 
[DEBUG][                ptl_1_hal_tx] data[20] 55 03 13 0e 87 00 00 00 00 00 00 64 00 00 00 00 00 00 00 15 
[DEBUG][                ptl_1_hal_tx] data[26] 55 03 12 14 82 00 00 00 00 00 00 00 00 00 00 00 00 00 00 00 00 00 00 00 06 78 
[DEBUG][                ptl_1_hal_tx] data[20] 55 03 13 0e 87 00 00 00 00 00 00 64 00 00 00 00 00 00 00 15 
[DEBUG][                ptl_1_hal_tx] data[19] 55 03 11 0d 8a 00 00 00 00 00 00 00 01 00 00 00 00 00 75 
[DEBUG][                ptl_1_hal_tx] data[24] 55 03 14 12 82 00 00 00 00 00 00 00 00 00 00 00 00 00 00 00 00 00 00 7e 
[DEBUG][                ptl_1_hal_tx] data[20] 55 03 13 0e 87 00 00 00 00 00 00 64 00 00 00 00 00 00 00 15 
[DEBUG][                ptl_1_hal_tx] data[26] 55 03 12 14 82 00 00 00 00 00 00 00 00 00 00 00 00 00 00 00 00 00 00 00 06 78 
[DEBUG][                ptl_1_hal_tx] data[20] 55 03 13 0e 87 00 00 00 00 00 00 64 00 00 00 00 00 00 00 15 
[DEBUG][                ptl_1_hal_tx] data[19] 55 03 11 0d 8a 00 00 00 00 00 00 00 01 00 00 00 00 00 75 
[DEBUG][                ptl_1_hal_tx] data[24] 55 03 14 12 82 00 00 00 00 00 00 00 00 00 00 00 00 00 00 00 00 00 00 7e 
[DEBUG][                ptl_1_hal_tx] data[20] 55 03 13 0e 87 00 00 00 00 00 00 64 00 00 00 00 00 00 00 15 
[DEBUG][                ptl_1_hal_tx] data[26] 55 03 12 14 82 00 00 00 00 00 00 00 00 00 00 00 00 00 00 00 00 00 00 00 06 78 
[DEBUG][                ptl_1_hal_tx] data[20] 55 03 13 0e 87 00 00 00 00 00 00 64 00 00 00 00 00 00 00 15 
[DEBUG][                ptl_1_hal_tx] data[19] 55 03 11 0d 8a 00 00 00 00 00 00 00 01 00 00 00 00 00 75 
[DEBUG][                ptl_1_hal_tx] data[24] 55 03 14 12 82 00 00 00 00 00 00 00 00 00 00 00 00 00 00 00 00 00 00 7e 
[DEBUG][                ptl_1_hal_tx] data[20] 55 03 13 0e 87 00 00 00 00 00 00 64 00 00 00 00 00 00 00 15 
[DEBUG][                ptl_1_hal_tx] data[26] 55 03 12 14 82 00 00 00 00 00 00 00 00 00 00 00 00 00 00 00 00 00 00 00 06 78 
[DEBUG][                ptl_1_hal_tx] data[20] 55 03 13 0e 87 00 00 00 00 00 00 64 00 00 00 00 00 00 00 15 
[DEBUG][        ptl_proc_valid_frame] payload.frame_type=87 cmd=1d,length=2 data[]=aa 87 1d 02 b0 02 00 4e 
[DEBUG][         ipc_receive_handler] payload.frame_type=87 cmd=1d,length=2
[DEBUG][                ptl_1_hal_tx] data[20] 55 03 13 0e 87 00 00 00 00 00 00 64 00 00 00 00 00 00 00 15 
[DEBUG][                ptl_1_hal_tx] data[20] 55 03 13 0e 87 00 00 00 00 00 00 64 00 00 00 00 00 00 00 15 
[DEBUG][                ptl_1_hal_tx] data[19] 55 03 11 0d 8a 00 00 00 00 00 00 00 01 00 00 00 00 00 75 
[DEBUG][                ptl_1_hal_tx] data[24] 55 03 14 12 82 00 00 00 00 00 00 00 00 00 00 00 00 00 00 00 00 00 00 7e 
[DEBUG][                ptl_1_hal_tx] data[20] 55 03 13 0e 87 00 00 00 00 00 00 64 00 00 00 00 00 00 00 15 
[DEBUG][                ptl_1_hal_tx] data[26] 55 03 12 14 82 00 00 00 00 00 00 00 00 00 00 00 00 00 00 00 00 00 00 00 06 78 
[DEBUG][                ptl_1_hal_tx] data[20] 55 03 13 0e 87 00 00 00 00 00 00 64 00 00 00 00 00 00 00 15 
[DEBUG][                ptl_1_hal_tx] data[19] 55 03 11 0d 8a 00 00 00 00 00 00 00 01 00 00 00 00 00 75 
[DEBUG][                ptl_1_hal_tx] data[24] 55 03 14 12 82 00 00 00 00 00 00 00 00 00 00 00 00 00 00 00 00 00 00 7e 
[DEBUG][                ptl_1_hal_tx] data[20] 55 03 13 0e 87 00 00 00 00 00 00 64 00 00 00 00 00 00 00 15 
[DEBUG][                ptl_1_hal_tx] data[26] 55 03 12 14 82 00 00 00 00 00 00 00 00 00 00 00 00 00 00 00 00 00 00 00 06 78 
[DEBUG][                ptl_1_hal_tx] data[20] 55 03 13 0e 87 00 00 00 00 00 00 64 00 00 00 00 00 00 00 15 
[DEBUG][                ptl_1_hal_tx] data[19] 55 03 11 0d 8a 00 00 00 00 00 00 00 01 00 00 00 00 00 75 
[DEBUG][                ptl_1_hal_tx] data[24] 55 03 14 12 82 00 00 00 00 00 00 00 00 00 00 00 00 00 00 00 00 00 00 7e 
[DEBUG][                ptl_1_hal_tx] data[20] 55 03 13 0e 87 00 00 00 00 00 00 64 00 00 00 00 00 00 00 15 
[DEBUG][                ptl_1_hal_tx] data[26] 55 03 12 14 82 00 00 00 00 00 00 00 00 00 00 00 00 00 00 00 00 00 00 00 06 78 
[DEBUG][                ptl_1_hal_tx] data[20] 55 03 13 0e 87 00 00 00 00 00 00 64 00 00 00 00 00 00 00 15 
[DEBUG][                ptl_1_hal_tx] data[19] 55 03 11 0d 8a 00 00 00 00 00 00 00 01 00 00 00 00 00 75 
[DEBUG][                ptl_1_hal_tx] data[24] 55 03 14 12 82 00 00 00 00 00 00 00 00 00 00 00 00 00 00 00 00 00 00 7e 
[DEBUG][                ptl_1_hal_tx] data[20] 55 03 13 0e 87 00 00 00 00 00 00 64 00 00 00 00 00 00 00 15 
[DEBUG][                ptl_1_hal_tx] data[26] 55 03 12 14 82 00 00 00 00 00 00 00 00 00 00 00 00 00 00 00 00 00 00 00 06 78 
[DEBUG][                ptl_1_hal_tx] data[20] 55 03 13 0e 87 00 00 00 00 00 00 64 00 00 00 00 00 00 00 15 
[DEBUG][        ptl_proc_valid_frame] payload.frame_type=87 cmd=1d,length=2 data[]=aa 87 1d 02 b0 00 00 50 
[DEBUG][         ipc_receive_handler] payload.frame_type=87 cmd=1d,length=2
[DEBUG][                ptl_1_hal_tx] data[20] 55 03 13 0e 87 00 00 00 00 00 00 64 00 00 00 00 00 00 00 15 
[DEBUG][        ptl_proc_valid_frame] payload.frame_type=87 cmd=1d,length=2 data[]=aa 87 1d 02 b0 02 00 4e 
[DEBUG][         ipc_receive_handler] payload.frame_type=87 cmd=1d,length=2
[DEBUG][                ptl_1_hal_tx] data[20] 55 03 13 0e 87 00 00 00 00 00 00 64 00 00 00 00 00 00 00 15 
[DEBUG][        ptl_proc_valid_frame] payload.frame_type=87 cmd=1d,length=2 data[]=aa 87 1d 02 b0 00 00 50 
[DEBUG][         ipc_receive_handler] payload.frame_type=87 cmd=1d,length=2
[DEBUG][                ptl_1_hal_tx] data[20] 55 03 13 0e 87 00 00 00 00 00 00 64 00 00 00 00 00 00 00 15 
[DEBUG][        ptl_proc_valid_frame] payload.frame_type=87 cmd=1d,length=2 data[]=aa 87 1d 02 b0 02 00 4e 
[DEBUG][         ipc_receive_handler] payload.frame_type=87 cmd=1d,length=2
[DEBUG][                ptl_1_hal_tx] data[20] 55 03 13 0e 87 00 00 00 00 00 00 64 00 00 00 00 00 00 00 15 
[DEBUG][                ptl_1_hal_tx] data[20] 55 03 13 0e 87 00 00 00 00 00 00 64 00 00 00 00 00 00 00 15 
[DEBUG][                ptl_1_hal_tx] data[19] 55 03 11 0d 8a 00 00 00 00 00 00 00 01 00 00 00 00 00 75 
[DEBUG][                ptl_1_hal_tx] data[24] 55 03 14 12 82 00 10 00 00 00 00 00 00 10 00 00 00 00 00 00 00 00 00 5e 
[DEBUG][        ptl_proc_valid_frame] payload.frame_type=87 cmd=1d,length=2 data[]=aa 87 1d 02 b0 00 00 50 
[DEBUG][         ipc_receive_handler] payload.frame_type=87 cmd=1d,length=2
[DEBUG][                ptl_1_hal_tx] data[24] 55 03 14 12 82 00 10 00 00 00 00 00 00 10 00 00 00 00 00 00 00 00 00 5e 
[DEBUG][        ptl_proc_valid_frame] payload.frame_type=87 cmd=1d,length=2 data[]=aa 87 1d 02 b0 02 00 4e 
[DEBUG][         ipc_receive_handler] payload.frame_type=87 cmd=1d,length=2
[DEBUG][                ptl_1_hal_tx] data[24] 55 03 14 12 82 00 10 00 00 00 00 00 00 10 00 00 00 00 00 00 00 00 00 5e 
[DEBUG][        ptl_proc_valid_frame] payload.frame_type=87 cmd=1d,length=2 data[]=aa 87 1d 02 b0 00 00 50 
[DEBUG][         ipc_receive_handler] payload.frame_type=87 cmd=1d,length=2
[DEBUG][                ptl_1_hal_tx] data[24] 55 03 14 12 82 00 10 00 00 00 00 00 00 10 00 00 00 00 00 00 00 00 00 5e 
[DEBUG][        ptl_proc_valid_frame] payload.frame_type=87 cmd=1d,length=2 data[]=aa 87 1d 02 b0 02 00 4e 
[DEBUG][         ipc_receive_handler] payload.frame_type=87 cmd=1d,length=2
[DEBUG][                ptl_1_hal_tx] data[24] 55 03 14 12 82 00 10 00 00 00 00 00 00 10 00 00 00 00 00 00 00 00 00 5e 
[DEBUG][        ptl_proc_valid_frame] payload.frame_type=87 cmd=1d,length=2 data[]=aa 87 1d 02 b0 00 00 50 
[DEBUG][         ipc_receive_handler] payload.frame_type=87 cmd=1d,length=2
[DEBUG][                ptl_1_hal_tx] data[24] 55 03 14 12 82 00 10 00 00 00 00 00 00 10 00 00 00 00 00 00 00 00 00 5e 
[DEBUG][                ptl_1_hal_tx] data[19] 55 03 11 0d 8a 00 00 00 00 00 00 00 01 00 00 00 00 00 75 
[DEBUG][                ptl_1_hal_tx] data[19] 55 03 11 0d 8a 00 00 00 00 00 00 00 01 00 00 00 00 00 75 
[DEBUG][                ptl_1_hal_tx] data[19] 55 03 11 0d 8a 00 00 00 00 00 00 00 01 00 00 00 00 00 75 
[DEBUG][                        main] task manager state machine event running 327
[DEBUG][                ptl_1_hal_tx] data[20] 55 03 13 0e 87 00 00 00 00 00 00 64 00 00 00 00 00 00 00 15 
[DEBUG][                ptl_1_hal_tx] data[19] 55 03 11 0d 8a 00 00 00 00 00 00 00 01 00 00 00 00 00 75 
[DEBUG][                ptl_1_hal_tx] data[24] 55 03 14 12 82 00 10 00 00 00 00 00 00 10 00 00 00 00 00 00 00 00 00 5e 
[DEBUG][                ptl_1_hal_tx] data[19] 55 03 11 0d 8a 00 00 00 00 00 00 00 01 00 00 00 00 00 75 
[DEBUG][                ptl_1_hal_tx] data[19] 55 03 11 0d 8a 00 00 00 00 00 00 00 01 00 00 00 00 00 75 
[DEBUG][                ptl_1_hal_tx] data[19] 55 03 11 0d 8a 00 00 00 00 00 00 00 01 00 00 00 00 00 75 
[DEBUG][                ptl_1_hal_tx] data[20] 55 03 13 0e 87 00 00 00 00 00 00 64 00 00 00 00 00 00 00 15 
[DEBUG][                ptl_1_hal_tx] data[19] 55 03 11 0d 8a 00 00 00 00 00 00 00 01 00 00 00 00 00 75 
[DEBUG][                ptl_1_hal_tx] data[24] 55 03 14 12 82 00 10 00 00 00 00 00 00 10 00 00 00 00 00 00 00 00 00 5e 
[DEBUG][                ptl_1_hal_tx] data[19] 55 03 11 0d 8a 00 00 00 00 00 00 00 01 00 00 00 00 00 75 
[DEBUG][                ptl_1_hal_tx] data[19] 55 03 11 0d 8a 00 00 00 00 00 00 00 01 00 00 00 00 00 75 
[DEBUG][                ptl_1_hal_tx] data[19] 55 03 11 0d 8a 00 00 00 00 00 00 00 01 00 00 00 00 00 75 
[DEBUG][                ptl_1_hal_tx] data[20] 55 03 13 0e 87 00 00 00 00 00 00 64 00 00 00 00 00 00 00 15 
[DEBUG][                ptl_1_hal_tx] data[19] 55 03 11 0d 8a 00 00 00 00 00 00 00 01 00 00 00 00 00 75 
[DEBUG][                ptl_1_hal_tx] data[24] 55 03 14 12 82 00 10 00 00 00 00 00 00 10 00 00 00 00 00 00 00 00 00 5e 
[DEBUG][                ptl_1_hal_tx] data[19] 55 03 11 0d 8a 00 00 00 00 00 00 00 01 00 00 00 00 00 75 
[DEBUG][                ptl_1_hal_tx] data[19] 55 03 11 0d 8a 00 00 00 00 00 00 00 01 00 00 00 00 00 75 
[DEBUG][                ptl_1_hal_tx] data[19] 55 03 11 0d 8a 00 00 00 00 00 00 00 01 00 00 00 00 00 75 

